2025-04-08 11:31:26,365 - mcp_vegalite_server - INFO - Starting MCP Vega-Lite Server
2025-04-08 11:35:27,102 - mcp_vegalite_server - INFO - Starting MCP Vega-Lite Server
2025-04-08 11:35:27,107 - mcp_vegalite_server - INFO - Starting server with transport=sse, output_type=png, port=8000
2025-04-08 11:35:27,108 - mcp_vegalite_server - INFO - Starting SSE server on port 8000
2025-04-08 11:37:37,487 - mcp_vegalite_server - INFO - Starting MCP Vega-Lite Server
2025-04-08 11:37:37,492 - mcp_vegalite_server - INFO - Starting server with transport=sse, output_type=png, port=8000
2025-04-08 11:37:37,493 - mcp_vegalite_server - INFO - Starting SSE server on port 8000
2025-04-08 11:37:38,352 - mcp_vegalite_server - INFO - Received SSE connection request
2025-04-08 11:37:38,352 - mcp_vegalite_server - INFO - Setting up Vega-Lite MCP Server with output_type=png
2025-04-08 11:37:38,671 - mcp_vegalite_server - INFO - Received SSE connection request
2025-04-08 11:37:38,671 - mcp_vegalite_server - INFO - Setting up Vega-Lite MCP Server with output_type=png
2025-04-08 11:37:38,687 - mcp_vegalite_server - INFO - Received SSE connection request
2025-04-08 11:37:38,688 - mcp_vegalite_server - INFO - Setting up Vega-Lite MCP Server with output_type=png
2025-04-08 11:37:38,703 - mcp_vegalite_server - INFO - Received SSE connection request
2025-04-08 11:37:38,703 - mcp_vegalite_server - INFO - Setting up Vega-Lite MCP Server with output_type=png
2025-04-08 11:37:39,401 - mcp_vegalite_server - INFO - Received SSE connection request
2025-04-08 11:37:39,402 - mcp_vegalite_server - INFO - Setting up Vega-Lite MCP Server with output_type=png
2025-04-08 11:37:39,649 - mcp_vegalite_server - INFO - Received SSE connection request
2025-04-08 11:37:39,651 - mcp_vegalite_server - INFO - Setting up Vega-Lite MCP Server with output_type=png
2025-04-08 11:37:39,671 - mcp_vegalite_server - INFO - Received SSE connection request
2025-04-08 11:37:39,671 - mcp_vegalite_server - INFO - Setting up Vega-Lite MCP Server with output_type=png
2025-04-08 11:37:39,780 - mcp_vegalite_server - INFO - Received SSE connection request
2025-04-08 11:37:39,780 - mcp_vegalite_server - INFO - Setting up Vega-Lite MCP Server with output_type=png
2025-04-08 11:37:39,803 - mcp_vegalite_server - INFO - Received SSE connection request
2025-04-08 11:37:39,803 - mcp_vegalite_server - INFO - Setting up Vega-Lite MCP Server with output_type=png
2025-04-08 11:37:39,810 - mcp_vegalite_server - INFO - Received SSE connection request
2025-04-08 11:37:39,811 - mcp_vegalite_server - INFO - Setting up Vega-Lite MCP Server with output_type=png
2025-04-08 11:37:39,817 - mcp_vegalite_server - INFO - Received SSE connection request
2025-04-08 11:37:39,817 - mcp_vegalite_server - INFO - Setting up Vega-Lite MCP Server with output_type=png
2025-04-08 11:54:00,892 - mcp_vegalite_server - INFO - Starting MCP Vega-Lite Server
2025-04-08 11:54:00,895 - mcp_vegalite_server - INFO - Starting server with transport=sse, output_type=png, port=8000
2025-04-08 11:54:00,896 - mcp_vegalite_server - INFO - Starting SSE server on port 8000
2025-04-08 11:55:02,374 - mcp_vegalite_server - INFO - Setting up Vega-Lite MCP Server with output_type=png
2025-04-08 11:55:05,892 - mcp_vegalite_server - INFO - Setting up Vega-Lite MCP Server with output_type=png
2025-04-08 11:55:08,995 - mcp_vegalite_server - INFO - Setting up Vega-Lite MCP Server with output_type=png
2025-04-08 11:55:12,079 - mcp_vegalite_server - INFO - Setting up Vega-Lite MCP Server with output_type=png
2025-04-08 11:55:15,146 - mcp_vegalite_server - INFO - Setting up Vega-Lite MCP Server with output_type=png
2025-04-08 11:55:18,214 - mcp_vegalite_server - INFO - Setting up Vega-Lite MCP Server with output_type=png
2025-04-08 11:55:21,279 - mcp_vegalite_server - INFO - Setting up Vega-Lite MCP Server with output_type=png
2025-04-08 11:55:24,360 - mcp_vegalite_server - INFO - Setting up Vega-Lite MCP Server with output_type=png
2025-04-08 11:55:27,425 - mcp_vegalite_server - INFO - Setting up Vega-Lite MCP Server with output_type=png
2025-04-08 11:55:30,488 - mcp_vegalite_server - INFO - Setting up Vega-Lite MCP Server with output_type=png
2025-04-08 11:55:33,569 - mcp_vegalite_server - INFO - Setting up Vega-Lite MCP Server with output_type=png
2025-04-08 11:55:36,615 - mcp_vegalite_server - INFO - Setting up Vega-Lite MCP Server with output_type=png
2025-04-08 11:55:39,653 - mcp_vegalite_server - INFO - Setting up Vega-Lite MCP Server with output_type=png
2025-04-08 11:55:42,709 - mcp_vegalite_server - INFO - Setting up Vega-Lite MCP Server with output_type=png
2025-04-08 11:55:45,749 - mcp_vegalite_server - INFO - Setting up Vega-Lite MCP Server with output_type=png
2025-04-08 11:55:48,780 - mcp_vegalite_server - INFO - Setting up Vega-Lite MCP Server with output_type=png
2025-04-08 11:55:51,818 - mcp_vegalite_server - INFO - Setting up Vega-Lite MCP Server with output_type=png
2025-04-08 11:55:54,846 - mcp_vegalite_server - INFO - Setting up Vega-Lite MCP Server with output_type=png
2025-04-08 11:55:57,894 - mcp_vegalite_server - INFO - Setting up Vega-Lite MCP Server with output_type=png
2025-04-08 11:56:00,924 - mcp_vegalite_server - INFO - Setting up Vega-Lite MCP Server with output_type=png
2025-04-08 11:57:53,287 - mcp_vegalite_server - INFO - Starting MCP Vega-Lite Server
2025-04-08 11:57:53,291 - mcp_vegalite_server - INFO - Starting server with transport=sse, output_type=png, port=8000
2025-04-08 11:57:53,292 - mcp_vegalite_server - INFO - Starting SSE server on port 8000
2025-04-08 11:57:55,375 - mcp_vegalite_server - INFO - Setting up Vega-Lite MCP Server with output_type=png
2025-04-08 11:58:36,684 - mcp_vegalite_server - INFO - Setting up Vega-Lite MCP Server with output_type=png
2025-04-08 12:00:18,893 - mcp_vegalite_server - INFO - Setting up Vega-Lite MCP Server with output_type=png
2025-04-08 12:03:04,167 - mcp_vegalite_server - INFO - Setting up Vega-Lite MCP Server with output_type=png
2025-04-08 12:03:45,419 - mcp_vegalite_server - INFO - Setting up Vega-Lite MCP Server with output_type=png
2025-04-08 12:11:49,645 - mcp_vegalite_server - INFO - Starting MCP Vega-Lite Server
2025-04-08 12:11:49,649 - mcp_vegalite_server - INFO - Starting server with transport=sse, output_type=png, port=8000
2025-04-08 12:11:49,649 - mcp_vegalite_server - INFO - Starting SSE server on port 8000
2025-04-08 12:11:51,232 - mcp_vegalite_server - INFO - Setting up Vega-Lite MCP Server with output_type=png
2025-04-08 12:11:51,234 - mcp_vegalite_server - ERROR - Error in MCP server: unhandled errors in a TaskGroup (1 sub-exception)
2025-04-08 12:11:51,339 - mcp_vegalite_server - ERROR - Traceback (most recent call last):
  File "C:\Users\pavelk\AppData\Local\miniconda3\Lib\site-packages\anyio\streams\memory.py", line 111, in receive
    return self.receive_nowait()
           ^^^^^^^^^^^^^^^^^^^^^
  File "C:\Users\pavelk\AppData\Local\miniconda3\Lib\site-packages\anyio\streams\memory.py", line 106, in receive_nowait
    raise WouldBlock
anyio.WouldBlock

During handling of the above exception, another exception occurred:

Traceback (most recent call last):
  File "C:\Users\pavelk\AppData\Local\miniconda3\Lib\site-packages\mcp\server\lowlevel\server.py", line 489, in run
    async with anyio.create_task_group() as tg:
               ^^^^^^^^^^^^^^^^^^^^^^^^^
  File "C:\Users\pavelk\AppData\Local\miniconda3\Lib\site-packages\anyio\_backends\_asyncio.py", line 771, in __aexit__
    raise exc_val
  File "C:\Users\pavelk\AppData\Local\miniconda3\Lib\site-packages\mcp\server\lowlevel\server.py", line 490, in run
    async for message in session.incoming_messages:
  File "C:\Users\pavelk\AppData\Local\miniconda3\Lib\site-packages\anyio\abc\_streams.py", line 35, in __anext__
    return await self.receive()
           ^^^^^^^^^^^^^^^^^^^^
  File "C:\Users\pavelk\AppData\Local\miniconda3\Lib\site-packages\anyio\streams\memory.py", line 119, in receive
    await receive_event.wait()
  File "C:\Users\pavelk\AppData\Local\miniconda3\Lib\site-packages\anyio\_backends\_asyncio.py", line 1766, in wait
    await self._event.wait()
  File "C:\Users\pavelk\AppData\Local\miniconda3\Lib\asyncio\locks.py", line 212, in wait
    await fut
asyncio.exceptions.CancelledError: Cancelled by cancel scope 1b904dc3ec0

During handling of the above exception, another exception occurred:

  + Exception Group Traceback (most recent call last):
  |   File "C:\Users\pavelk\Desktop\mcp_servers\mcp-servers\vega_lite_1\isaacwasserman_mcp-vegalite-server\src\mcp_server_vegalite\server.py", line 262, in run_server
  |     await server.run(
  |   File "C:\Users\pavelk\AppData\Local\miniconda3\Lib\site-packages\mcp\server\lowlevel\server.py", line 483, in run
  |     async with AsyncExitStack() as stack:
  |                ^^^^^^^^^^^^^^^^
  |   File "C:\Users\pavelk\AppData\Local\miniconda3\Lib\contextlib.py", line 754, in __aexit__
  |     raise exc_details[1]
  |   File "C:\Users\pavelk\AppData\Local\miniconda3\Lib\contextlib.py", line 737, in __aexit__
  |     cb_suppress = await cb(*exc_details)
  |                   ^^^^^^^^^^^^^^^^^^^^^^
  |   File "C:\Users\pavelk\AppData\Local\miniconda3\Lib\site-packages\mcp\shared\session.py", line 210, in __aexit__
  |     return await self._task_group.__aexit__(exc_type, exc_val, exc_tb)
  |            ^^^^^^^^^^^^^^^^^^^^^^^^^^^^^^^^^^^^^^^^^^^^^^^^^^^^^^^^^^^
  |   File "C:\Users\pavelk\AppData\Local\miniconda3\Lib\site-packages\anyio\_backends\_asyncio.py", line 767, in __aexit__
  |     raise BaseExceptionGroup(
  | ExceptionGroup: unhandled errors in a TaskGroup (1 sub-exception)
  +-+---------------- 1 ----------------
    | Traceback (most recent call last):
    |   File "C:\Users\pavelk\AppData\Local\miniconda3\Lib\site-packages\mcp\shared\session.py", line 301, in _receive_loop
    |     self._write_stream,
    |     ^^^^^^^^^^^^^^^^^^
    | TypeError: 'function' object does not support the asynchronous context manager protocol
    +------------------------------------

2025-04-08 12:11:52,280 - mcp_vegalite_server - INFO - Setting up Vega-Lite MCP Server with output_type=png
2025-04-08 12:11:52,283 - mcp_vegalite_server - ERROR - Error in MCP server: unhandled errors in a TaskGroup (1 sub-exception)
2025-04-08 12:11:52,288 - mcp_vegalite_server - ERROR - Traceback (most recent call last):
  File "C:\Users\pavelk\AppData\Local\miniconda3\Lib\site-packages\anyio\streams\memory.py", line 111, in receive
    return self.receive_nowait()
           ^^^^^^^^^^^^^^^^^^^^^
  File "C:\Users\pavelk\AppData\Local\miniconda3\Lib\site-packages\anyio\streams\memory.py", line 106, in receive_nowait
    raise WouldBlock
anyio.WouldBlock

During handling of the above exception, another exception occurred:

Traceback (most recent call last):
  File "C:\Users\pavelk\AppData\Local\miniconda3\Lib\site-packages\mcp\server\lowlevel\server.py", line 489, in run
    async with anyio.create_task_group() as tg:
               ^^^^^^^^^^^^^^^^^^^^^^^^^
  File "C:\Users\pavelk\AppData\Local\miniconda3\Lib\site-packages\anyio\_backends\_asyncio.py", line 771, in __aexit__
    raise exc_val
  File "C:\Users\pavelk\AppData\Local\miniconda3\Lib\site-packages\mcp\server\lowlevel\server.py", line 490, in run
    async for message in session.incoming_messages:
  File "C:\Users\pavelk\AppData\Local\miniconda3\Lib\site-packages\anyio\abc\_streams.py", line 35, in __anext__
    return await self.receive()
           ^^^^^^^^^^^^^^^^^^^^
  File "C:\Users\pavelk\AppData\Local\miniconda3\Lib\site-packages\anyio\streams\memory.py", line 119, in receive
    await receive_event.wait()
  File "C:\Users\pavelk\AppData\Local\miniconda3\Lib\site-packages\anyio\_backends\_asyncio.py", line 1766, in wait
    await self._event.wait()
  File "C:\Users\pavelk\AppData\Local\miniconda3\Lib\asyncio\locks.py", line 212, in wait
    await fut
asyncio.exceptions.CancelledError: Cancelled by cancel scope 1b904dea210

During handling of the above exception, another exception occurred:

  + Exception Group Traceback (most recent call last):
  |   File "C:\Users\pavelk\Desktop\mcp_servers\mcp-servers\vega_lite_1\isaacwasserman_mcp-vegalite-server\src\mcp_server_vegalite\server.py", line 262, in run_server
  |     await server.run(
  |   File "C:\Users\pavelk\AppData\Local\miniconda3\Lib\site-packages\mcp\server\lowlevel\server.py", line 483, in run
  |     async with AsyncExitStack() as stack:
  |                ^^^^^^^^^^^^^^^^
  |   File "C:\Users\pavelk\AppData\Local\miniconda3\Lib\contextlib.py", line 754, in __aexit__
  |     raise exc_details[1]
  |   File "C:\Users\pavelk\AppData\Local\miniconda3\Lib\contextlib.py", line 737, in __aexit__
  |     cb_suppress = await cb(*exc_details)
  |                   ^^^^^^^^^^^^^^^^^^^^^^
  |   File "C:\Users\pavelk\AppData\Local\miniconda3\Lib\site-packages\mcp\shared\session.py", line 210, in __aexit__
  |     return await self._task_group.__aexit__(exc_type, exc_val, exc_tb)
  |            ^^^^^^^^^^^^^^^^^^^^^^^^^^^^^^^^^^^^^^^^^^^^^^^^^^^^^^^^^^^
  |   File "C:\Users\pavelk\AppData\Local\miniconda3\Lib\site-packages\anyio\_backends\_asyncio.py", line 767, in __aexit__
  |     raise BaseExceptionGroup(
  | ExceptionGroup: unhandled errors in a TaskGroup (1 sub-exception)
  +-+---------------- 1 ----------------
    | Traceback (most recent call last):
    |   File "C:\Users\pavelk\AppData\Local\miniconda3\Lib\site-packages\mcp\shared\session.py", line 301, in _receive_loop
    |     self._write_stream,
    |     ^^^^^^^^^^^^^^^^^^
    | TypeError: 'function' object does not support the asynchronous context manager protocol
    +------------------------------------

2025-04-08 12:33:44,963 - mcp_vegalite_server - INFO - Starting MCP Vega-Lite Server
2025-04-08 12:33:44,976 - mcp_vegalite_server - INFO - Starting server with transport=sse, output_type=png, port=8000
2025-04-08 12:33:44,977 - mcp_vegalite_server - INFO - Starting SSE server on port 8000
2025-04-08 12:33:45,799 - mcp_vegalite_server - INFO - SSE connection established
2025-04-08 12:33:46,828 - mcp_vegalite_server - INFO - SSE connection established
2025-04-08 12:38:19,241 - mcp_vegalite_server - INFO - Starting MCP Vega-Lite Server
2025-04-08 12:38:19,246 - mcp_vegalite_server - INFO - Starting server with transport=sse, output_type=png, port=8000
2025-04-08 12:38:19,246 - mcp_vegalite_server - INFO - Starting SSE server on port 8000
2025-04-08 12:38:34,822 - mcp_vegalite_server - INFO - SSE connection established
2025-04-08 12:38:34,834 - mcp_vegalite_server - INFO - Setting up Vega-Lite MCP Server with output_type=png
2025-04-08 12:38:34,835 - mcp_vegalite_server - INFO - MCP server initialized
2025-04-08 12:38:34,838 - mcp_vegalite_server - ERROR - Error in MCP server: unhandled errors in a TaskGroup (1 sub-exception)
2025-04-08 12:38:35,016 - mcp_vegalite_server - ERROR - Traceback (most recent call last):
  File "C:\Users\pavelk\AppData\Local\miniconda3\Lib\site-packages\anyio\streams\memory.py", line 111, in receive
    return self.receive_nowait()
           ^^^^^^^^^^^^^^^^^^^^^
  File "C:\Users\pavelk\AppData\Local\miniconda3\Lib\site-packages\anyio\streams\memory.py", line 106, in receive_nowait
    raise WouldBlock
anyio.WouldBlock

During handling of the above exception, another exception occurred:

Traceback (most recent call last):
  File "C:\Users\pavelk\AppData\Local\miniconda3\Lib\site-packages\mcp\server\lowlevel\server.py", line 489, in run
    async with anyio.create_task_group() as tg:
               ^^^^^^^^^^^^^^^^^^^^^^^^^
  File "C:\Users\pavelk\AppData\Local\miniconda3\Lib\site-packages\anyio\_backends\_asyncio.py", line 771, in __aexit__
    raise exc_val
  File "C:\Users\pavelk\AppData\Local\miniconda3\Lib\site-packages\mcp\server\lowlevel\server.py", line 490, in run
    async for message in session.incoming_messages:
  File "C:\Users\pavelk\AppData\Local\miniconda3\Lib\site-packages\anyio\abc\_streams.py", line 35, in __anext__
    return await self.receive()
           ^^^^^^^^^^^^^^^^^^^^
  File "C:\Users\pavelk\AppData\Local\miniconda3\Lib\site-packages\anyio\streams\memory.py", line 119, in receive
    await receive_event.wait()
  File "C:\Users\pavelk\AppData\Local\miniconda3\Lib\site-packages\anyio\_backends\_asyncio.py", line 1766, in wait
    await self._event.wait()
  File "C:\Users\pavelk\AppData\Local\miniconda3\Lib\asyncio\locks.py", line 212, in wait
    await fut
asyncio.exceptions.CancelledError: Cancelled by cancel scope 14599c21580

During handling of the above exception, another exception occurred:

  + Exception Group Traceback (most recent call last):
  |   File "C:\Users\pavelk\Desktop\mcp_servers\mcp-servers\vega_lite_1\isaacwasserman_mcp-vegalite-server\src\mcp_server_vegalite\server.py", line 289, in run_mcp_server
  |     await server.run(
  |   File "C:\Users\pavelk\AppData\Local\miniconda3\Lib\site-packages\mcp\server\lowlevel\server.py", line 483, in run
  |     async with AsyncExitStack() as stack:
  |                ^^^^^^^^^^^^^^^^
  |   File "C:\Users\pavelk\AppData\Local\miniconda3\Lib\contextlib.py", line 754, in __aexit__
  |     raise exc_details[1]
  |   File "C:\Users\pavelk\AppData\Local\miniconda3\Lib\contextlib.py", line 737, in __aexit__
  |     cb_suppress = await cb(*exc_details)
  |                   ^^^^^^^^^^^^^^^^^^^^^^
  |   File "C:\Users\pavelk\AppData\Local\miniconda3\Lib\site-packages\mcp\shared\session.py", line 210, in __aexit__
  |     return await self._task_group.__aexit__(exc_type, exc_val, exc_tb)
  |            ^^^^^^^^^^^^^^^^^^^^^^^^^^^^^^^^^^^^^^^^^^^^^^^^^^^^^^^^^^^
  |   File "C:\Users\pavelk\AppData\Local\miniconda3\Lib\site-packages\anyio\_backends\_asyncio.py", line 767, in __aexit__
  |     raise BaseExceptionGroup(
  | ExceptionGroup: unhandled errors in a TaskGroup (1 sub-exception)
  +-+---------------- 1 ----------------
    | Traceback (most recent call last):
    |   File "C:\Users\pavelk\AppData\Local\miniconda3\Lib\site-packages\mcp\shared\session.py", line 300, in _receive_loop
    |     self._read_stream,
    |     ^^^^^^^^^^^^^^^^^
    | TypeError: 'function' object does not support the asynchronous context manager protocol
    +------------------------------------

2025-04-08 12:43:40,244 - mcp_vegalite_server - INFO - Client disconnected
2025-04-08 12:43:55,045 - mcp_vegalite_server - INFO - Starting MCP Vega-Lite Server
2025-04-08 12:43:55,050 - mcp_vegalite_server - INFO - Starting server with transport=sse, output_type=png, port=8000
2025-04-08 12:43:55,051 - mcp_vegalite_server - INFO - Starting SSE server on port 8000
2025-04-08 12:48:26,257 - mcp_vegalite_server - INFO - Starting MCP Vega-Lite Server
2025-04-08 12:48:26,271 - mcp_vegalite_server - INFO - Starting server with transport=sse, output_type=png, port=8000
2025-04-08 12:48:26,272 - mcp_vegalite_server - INFO - Starting SSE server on port 8000
2025-04-08 12:48:29,349 - mcp_vegalite_server - INFO - SSE connection established
2025-04-08 12:48:29,365 - mcp_vegalite_server - INFO - Setting up Vega-Lite MCP Server with output_type=png
2025-04-08 12:49:02,878 - mcp_vegalite_server - INFO - SSE connection established
2025-04-08 12:49:02,880 - mcp_vegalite_server - INFO - Setting up Vega-Lite MCP Server with output_type=png
2025-04-08 12:49:02,930 - mcp.server.lowlevel.server - INFO - Processing request of type ListToolsRequest
2025-04-08 12:51:21,065 - mcp_vegalite_server - INFO - SSE connection established
2025-04-08 12:51:21,066 - mcp_vegalite_server - INFO - Setting up Vega-Lite MCP Server with output_type=png
2025-04-08 12:51:21,067 - mcp_vegalite_server - INFO - SSE connection established
2025-04-08 12:51:21,070 - mcp_vegalite_server - INFO - Setting up Vega-Lite MCP Server with output_type=png
2025-04-08 12:51:21,122 - mcp.server.lowlevel.server - INFO - Processing request of type ListToolsRequest
2025-04-08 12:51:21,126 - mcp.server.lowlevel.server - INFO - Processing request of type ListToolsRequest
2025-04-08 12:51:21,142 - mcp.server.lowlevel.server - INFO - Processing request of type ListToolsRequest
2025-04-08 12:51:21,147 - mcp.server.lowlevel.server - INFO - Processing request of type ListToolsRequest
2025-04-08 13:05:30,015 - mcp_vegalite_server - INFO - Starting MCP Vega-Lite Server
2025-04-08 13:05:30,022 - mcp_vegalite_server - INFO - Starting server with transport=sse, output_type=png, port=8000
2025-04-08 13:05:30,022 - mcp_vegalite_server - INFO - Starting SSE server on port 8000
2025-04-08 13:05:31,927 - mcp_vegalite_server - INFO - SSE connection established
2025-04-08 13:05:31,933 - mcp_vegalite_server - INFO - Setting up Vega-Lite MCP Server with output_type=png
2025-04-08 13:05:32,630 - mcp_vegalite_server - INFO - SSE connection established
2025-04-08 13:05:32,631 - mcp_vegalite_server - INFO - Setting up Vega-Lite MCP Server with output_type=png
2025-04-08 13:05:32,635 - mcp_vegalite_server - INFO - SSE connection established
2025-04-08 13:05:32,637 - mcp_vegalite_server - INFO - Setting up Vega-Lite MCP Server with output_type=png
2025-04-08 13:05:39,632 - mcp_vegalite_server - INFO - SSE connection established
2025-04-08 13:05:39,632 - mcp_vegalite_server - INFO - Setting up Vega-Lite MCP Server with output_type=png
2025-04-08 13:05:42,673 - mcp_vegalite_server - INFO - SSE connection established
2025-04-08 13:05:42,674 - mcp_vegalite_server - INFO - Setting up Vega-Lite MCP Server with output_type=png
2025-04-08 13:12:50,529 - mcp_vegalite_server - INFO - Starting MCP Vega-Lite Server
2025-04-08 13:12:50,533 - mcp_vegalite_server - INFO - Starting server with transport=sse, output_type=png, port=8000
2025-04-08 13:12:50,534 - mcp_vegalite_server - INFO - Starting SSE server on port 8000
2025-04-08 13:12:52,163 - mcp_vegalite_server - INFO - SSE connection established
2025-04-08 13:12:52,163 - mcp_vegalite_server - INFO - SSE connection established
2025-04-08 13:12:52,164 - mcp_vegalite_server - INFO - SSE connection established
2025-04-08 13:12:53,169 - mcp_vegalite_server - INFO - Setting up Vega-Lite MCP Server with output_type=png
2025-04-08 13:12:53,170 - mcp_vegalite_server - INFO - SSE Server fully initialized - ready to process requests
2025-04-08 13:12:53,176 - mcp_vegalite_server - INFO - Setting up Vega-Lite MCP Server with output_type=png
2025-04-08 13:12:53,176 - mcp_vegalite_server - INFO - SSE Server fully initialized - ready to process requests
2025-04-08 13:12:53,176 - mcp_vegalite_server - INFO - Setting up Vega-Lite MCP Server with output_type=png
2025-04-08 13:12:53,177 - mcp_vegalite_server - INFO - SSE Server fully initialized - ready to process requests
2025-04-08 13:13:12,634 - mcp_vegalite_server - INFO - SSE connection established
2025-04-08 13:13:13,649 - mcp_vegalite_server - INFO - Setting up Vega-Lite MCP Server with output_type=png
2025-04-08 13:13:13,651 - mcp_vegalite_server - INFO - SSE Server fully initialized - ready to process requests
2025-04-08 13:13:16,677 - mcp_vegalite_server - INFO - SSE connection established
2025-04-08 13:13:17,687 - mcp_vegalite_server - INFO - Setting up Vega-Lite MCP Server with output_type=png
2025-04-08 13:13:17,689 - mcp_vegalite_server - INFO - SSE Server fully initialized - ready to process requests
2025-04-08 13:13:26,346 - mcp_vegalite_server - INFO - SSE connection established
2025-04-08 13:13:27,372 - mcp_vegalite_server - INFO - Setting up Vega-Lite MCP Server with output_type=png
2025-04-08 13:13:27,374 - mcp_vegalite_server - INFO - SSE Server fully initialized - ready to process requests
2025-04-08 13:13:30,413 - mcp_vegalite_server - INFO - SSE connection established
2025-04-08 13:13:31,425 - mcp_vegalite_server - INFO - Setting up Vega-Lite MCP Server with output_type=png
2025-04-08 13:13:31,426 - mcp_vegalite_server - INFO - SSE Server fully initialized - ready to process requests
2025-04-08 13:13:37,434 - mcp_vegalite_server - INFO - SSE connection established
2025-04-08 13:13:38,430 - mcp_vegalite_server - INFO - Setting up Vega-Lite MCP Server with output_type=png
2025-04-08 13:13:38,431 - mcp_vegalite_server - INFO - SSE Server fully initialized - ready to process requests
2025-04-08 13:13:41,473 - mcp_vegalite_server - INFO - SSE connection established
2025-04-08 13:13:42,498 - mcp_vegalite_server - INFO - Setting up Vega-Lite MCP Server with output_type=png
2025-04-08 13:13:42,498 - mcp_vegalite_server - INFO - SSE Server fully initialized - ready to process requests
2025-04-08 13:14:13,698 - mcp.server.lowlevel.server - INFO - Processing request of type ListToolsRequest
2025-04-08 13:14:27,409 - mcp.server.lowlevel.server - INFO - Processing request of type ListToolsRequest
2025-04-08 13:14:38,472 - mcp.server.lowlevel.server - INFO - Processing request of type ListToolsRequest
2025-04-08 17:46:37,328 - mcp_vegalite_server - INFO - Starting MCP Vega-Lite Server
2025-04-08 17:46:37,335 - mcp_vegalite_server - INFO - Starting server with transport=sse, output_type=png, port=8000
2025-04-08 17:46:37,335 - mcp_vegalite_server - INFO - Starting SSE server on port 8000
2025-04-08 17:50:18,574 - mcp_vegalite_server - INFO - Starting MCP Vega-Lite Server
2025-04-08 17:50:18,582 - mcp_vegalite_server - INFO - Starting server with transport=sse, output_type=png, port=8000
2025-04-08 17:50:18,582 - mcp_vegalite_server - INFO - Starting SSE server on port 8000
2025-04-08 17:51:09,763 - mcp_vegalite_server - INFO - SSE connection established: 818423ee-4931-4469-ab81-571f61d00c3e
2025-04-08 17:52:46,157 - mcp_vegalite_server - INFO - SSE connection established: 8953d434-9f52-4463-a0b8-d7923e89bfb1
2025-04-08 17:56:15,080 - mcp.server.sse - WARNING - Could not find session for ID: 9f21fe1d-9167-4ed7-a0ca-e2fbce027fde
2025-04-08 17:56:18,082 - mcp_vegalite_server - INFO - SSE connection established: 1696d7ab-b555-4936-bd3e-c8fd522a45a2
2025-04-08 17:56:46,364 - mcp_vegalite_server - INFO - SSE connection established: 9df765bd-ecbb-4d31-be80-d6420212a330
2025-04-08 17:57:51,574 - mcp.server.sse - WARNING - Could not find session for ID: 9f21fe1d-9167-4ed7-a0ca-e2fbce027fde
2025-04-08 17:57:54,583 - mcp_vegalite_server - INFO - SSE connection established: c3e7113f-136d-4692-b799-fbb8632bc268
2025-04-08 17:57:56,626 - mcp_vegalite_server - INFO - SSE connection established: d2bd0023-e89c-4d4c-9a95-469f92eff769
2025-04-08 18:01:26,459 - mcp_vegalite_server - INFO - SSE connection established: 648514dc-9d56-43f7-a177-09e0b23034e9
2025-04-08 18:01:51,959 - mcp.server.sse - WARNING - Could not find session for ID: 9f21fe1d-9167-4ed7-a0ca-e2fbce027fde
2025-04-08 18:01:54,967 - mcp_vegalite_server - INFO - SSE connection established: 045edc00-f6f1-43a0-a797-584ec2aedfe9
2025-04-08 18:03:02,595 - mcp.server.sse - WARNING - Could not find session for ID: 9f21fe1d-9167-4ed7-a0ca-e2fbce027fde
2025-04-08 18:03:03,563 - mcp_vegalite_server - INFO - SSE connection established: f0dedef9-9378-4a24-a839-e2093365051c
2025-04-08 18:03:05,595 - mcp_vegalite_server - INFO - SSE connection established: bed12711-10b7-4408-bd42-3ede887f6b21
2025-04-08 18:05:03,123 - mcp_vegalite_server - INFO - SSE connection established: b0cbca10-3085-430b-bc75-d193dc4003a3
2025-04-08 18:06:35,075 - mcp_vegalite_server - INFO - SSE connection established: 194058b8-67b2-4b31-a35c-a9249bebea99
2025-04-08 18:07:03,602 - mcp_vegalite_server - INFO - SSE connection established: 3b32c3c9-d0ee-4665-89ef-edf5863548e0
2025-04-08 18:08:12,120 - mcp_vegalite_server - INFO - SSE connection established: 8995f171-ec3e-469d-82eb-a0361b1272a6
2025-04-08 18:08:14,131 - mcp_vegalite_server - INFO - SSE connection established: 948bd402-a170-42d1-bec7-e35123a2856f
2025-04-08 18:10:08,429 - mcp.server.sse - WARNING - Could not find session for ID: 9f21fe1d-9167-4ed7-a0ca-e2fbce027fde
2025-04-08 18:10:11,432 - mcp_vegalite_server - INFO - SSE connection established: 4f08ac2a-dd08-4bca-9e60-779264274ea0
2025-04-08 18:10:44,224 - mcp_vegalite_server - INFO - SSE connection established: 94506a89-5119-4f35-ac60-db98cd26f5fc
2025-04-08 18:10:51,787 - mcp_vegalite_server - INFO - SSE connection established: ecd44932-bcdb-4468-a1c7-853932b84e39
2025-04-08 18:11:43,334 - mcp_vegalite_server - INFO - SSE connection established: f70ce3ba-7a4e-4c11-8e4e-dadfccb2ed92
2025-04-08 18:12:11,788 - mcp_vegalite_server - INFO - SSE connection established: c2d2d421-a20b-4227-a18b-d74d8e7204aa
2025-04-08 18:30:29,325 - mcp_vegalite_server - INFO - Starting MCP Vega-Lite Server
2025-04-08 18:30:29,329 - mcp_vegalite_server - INFO - Starting server with transport=sse, output_type=png, port=8000
2025-04-08 18:30:29,330 - mcp_vegalite_server - INFO - Starting SSE server on port 8000
2025-04-08 18:31:35,453 - mcp_vegalite_server - INFO - Starting MCP Vega-Lite Server
2025-04-08 18:31:35,457 - mcp_vegalite_server - INFO - Starting server with transport=sse, output_type=png, port=8000
2025-04-08 18:31:35,458 - mcp_vegalite_server - INFO - Starting SSE server on port 8000
2025-04-08 18:31:48,069 - mcp_vegalite_server - INFO - SSE connection established
2025-04-08 18:31:48,075 - mcp_vegalite_server - INFO - Setting up Vega-Lite MCP Server with output_type=png
2025-04-08 18:31:48,106 - mcp.server.lowlevel.server - INFO - Processing request of type ListToolsRequest
2025-04-09 13:40:46,855 - mcp_vegalite_server - INFO - Starting MCP Vega-Lite Server
2025-04-09 13:40:46,859 - mcp_vegalite_server - INFO - Starting server with transport=sse, output_type=png, port=8000
2025-04-09 13:40:46,860 - mcp_vegalite_server - INFO - Starting SSE server on port 8000
2025-04-09 13:40:47,560 - mcp_vegalite_server - INFO - SSE connection established
2025-04-09 13:40:47,567 - mcp_vegalite_server - INFO - Setting up Vega-Lite MCP Server with output_type=png
2025-04-09 13:40:48,478 - mcp_vegalite_server - INFO - SSE connection established
2025-04-09 13:40:48,480 - mcp_vegalite_server - INFO - Setting up Vega-Lite MCP Server with output_type=png
2025-04-09 13:42:08,661 - mcp_vegalite_server - INFO - SSE connection established
2025-04-09 13:42:08,662 - mcp_vegalite_server - INFO - Setting up Vega-Lite MCP Server with output_type=png
2025-04-09 13:42:08,696 - mcp.server.lowlevel.server - INFO - Processing request of type ListToolsRequest
2025-04-09 14:06:59,999 - mcp_vegalite_server - INFO - SSE connection established
2025-04-09 14:07:00,001 - mcp_vegalite_server - INFO - Setting up Vega-Lite MCP Server with output_type=png
2025-04-09 14:07:00,027 - mcp.server.lowlevel.server - INFO - Processing request of type ListToolsRequest
2025-04-09 14:07:00,040 - mcp.server.lowlevel.server - INFO - Processing request of type ListToolsRequest
2025-04-09 14:28:59,344 - mcp.server.lowlevel.server - INFO - Processing request of type CallToolRequest
2025-04-09 14:28:59,345 - mcp_vegalite_server - INFO - Handling tool execution request for save_data with args {'name': 'order_status_data', 'data': [{'status': 'U', 'value': 1345}, {'status': 'R', 'value': 803}]}
2025-04-09 14:29:45,537 - mcp.server.lowlevel.server - INFO - Processing request of type CallToolRequest
2025-04-09 14:29:45,730 - mcp_vegalite_server - ERROR - Error handling tool execution: name 'true' is not defined
2025-04-09 14:29:53,352 - mcp.server.lowlevel.server - INFO - Processing request of type CallToolRequest
2025-04-09 14:29:53,371 - mcp_vegalite_server - ERROR - Error handling tool execution: name 'null' is not defined
2025-04-09 14:30:00,036 - mcp.server.lowlevel.server - INFO - Processing request of type CallToolRequest
2025-04-09 14:35:13,301 - mcp.server.lowlevel.server - INFO - Processing request of type CallToolRequest
2025-04-09 14:35:13,302 - mcp_vegalite_server - INFO - Handling tool execution request for save_data with args {'name': 'status_data', 'data': [{'status': 'U', 'count': 1345}, {'status': 'R', 'count': 803}]}
2025-04-09 14:35:22,406 - mcp.server.lowlevel.server - INFO - Processing request of type CallToolRequest
2025-04-09 14:35:22,407 - mcp_vegalite_server - INFO - Handling tool execution request for visualize_data with args {'data_name': 'status_data', 'vegalite_specification': '{\n  "width": 400,\n  "height": 300,\n  "mark": {"type": "arc", "innerRadius": 0},\n  "encoding": {\n    "theta": {"field": "count", "type": "quantitative"},\n    "color": {\n      "field": "status",\n      "type": "nominal",\n      "scale": {"range": ["#4285F4", "#EA4335"]}\n    }\n  }\n}'}
2025-04-09 15:35:21,693 - mcp_vegalite_server - INFO - Starting MCP Vega-Lite Server
2025-04-09 15:35:21,699 - mcp_vegalite_server - INFO - Starting server with transport=sse, output_type=png, port=8000
2025-04-09 15:35:21,699 - mcp_vegalite_server - INFO - Starting SSE server on port 8000
2025-04-09 15:35:22,528 - mcp_vegalite_server - INFO - SSE connection established
2025-04-09 15:35:22,538 - mcp_vegalite_server - INFO - Setting up Vega-Lite MCP Server with output_type=png
2025-04-09 15:35:22,540 - mcp_vegalite_server - INFO - SSE connection established
2025-04-09 15:35:22,542 - mcp_vegalite_server - INFO - Setting up Vega-Lite MCP Server with output_type=png
2025-04-09 15:35:22,665 - mcp_vegalite_server - INFO - SSE connection established
2025-04-09 15:35:22,666 - mcp_vegalite_server - INFO - Setting up Vega-Lite MCP Server with output_type=png
2025-04-09 15:35:23,503 - mcp_vegalite_server - INFO - SSE connection established
2025-04-09 15:35:23,504 - mcp_vegalite_server - INFO - Setting up Vega-Lite MCP Server with output_type=png
2025-04-09 15:36:38,799 - mcp_vegalite_server - INFO - SSE connection established
2025-04-09 15:36:38,800 - mcp_vegalite_server - INFO - Setting up Vega-Lite MCP Server with output_type=png
2025-04-09 15:36:41,832 - mcp_vegalite_server - INFO - SSE connection established
2025-04-09 15:36:41,833 - mcp_vegalite_server - INFO - Setting up Vega-Lite MCP Server with output_type=png
2025-04-09 15:36:47,205 - mcp_vegalite_server - INFO - SSE connection established
2025-04-09 15:36:47,206 - mcp_vegalite_server - INFO - Setting up Vega-Lite MCP Server with output_type=png
2025-04-09 15:36:50,229 - mcp_vegalite_server - INFO - SSE connection established
2025-04-09 15:36:50,231 - mcp_vegalite_server - INFO - Setting up Vega-Lite MCP Server with output_type=png
2025-04-09 15:37:38,838 - mcp.server.lowlevel.server - INFO - Processing request of type ListToolsRequest
2025-04-09 15:37:47,273 - mcp.server.lowlevel.server - INFO - Processing request of type ListToolsRequest
2025-04-09 15:39:03,228 - mcp_vegalite_server - INFO - SSE connection established
2025-04-09 15:39:03,228 - mcp_vegalite_server - INFO - Setting up Vega-Lite MCP Server with output_type=png
2025-04-09 15:40:00,067 - mcp.server.lowlevel.server - INFO - Processing request of type ListToolsRequest
2025-04-09 16:09:11,634 - mcp_vegalite_server - INFO - SSE connection established
2025-04-09 16:09:11,635 - mcp_vegalite_server - INFO - Setting up Vega-Lite MCP Server with output_type=png
2025-04-09 16:10:08,633 - mcp.server.lowlevel.server - INFO - Processing request of type ListToolsRequest
2025-04-10 11:00:32,257 - mcp_vegalite_server - INFO - SSE connection established
2025-04-10 11:00:32,260 - mcp_vegalite_server - INFO - Setting up Vega-Lite MCP Server with output_type=png
2025-04-10 11:01:23,030 - mcp.server.lowlevel.server - INFO - Processing request of type CallToolRequest
2025-04-10 11:01:23,031 - mcp_vegalite_server - INFO - Handling tool execution request for save_data with args {'name': 'order_status_distribution', 'data': [{'status': 'U', 'count': 1345}, {'status': 'R', 'count': 803}]}
2025-04-10 11:01:29,227 - mcp.server.lowlevel.server - INFO - Processing request of type ListToolsRequest
2025-04-10 11:03:36,920 - mcp.server.lowlevel.server - INFO - Processing request of type CallToolRequest
2025-04-10 11:18:02,490 - mcp.server.lowlevel.server - INFO - Processing request of type CallToolRequest
2025-04-10 11:18:02,495 - mcp_vegalite_server - INFO - Handling tool execution request for save_data with args {'name': 'work_centers_data', 'data': [{'task': 'Assembly SMT CS', 'work_center': 'SMT Production'}, {'task': 'Assembly SMT PS', 'work_center': 'SMT Production'}, {'task': 'Kit Completion', 'work_center': 'Receiving Warehouse'}, {'task': 'Final Assembly', 'work_center': 'Final Completion and Packaging'}, {'task': 'Kit Completion', 'work_center': 'Site B Packaging'}, {'task': 'Assembly SMT PS', 'work_center': 'SMT Production'}, {'task': 'Packing for Shipment', 'work_center': 'Final Completion and Packaging'}, {'task': 'Items Collection for Kit', 'work_center': 'Site B Packaging'}, {'task': 'Integration', 'work_center': 'Integration'}, {'task': 'Manual Soldering', 'work_center': 'Final Completion and Packaging'}, {'task': 'Packing for Shipment', 'work_center': 'Integration'}, {'task': 'Assembly TH Components', 'work_center': 'TH Production'}, {'task': 'Components Soldering Completion', 'work_center': 'Integration'}, {'task': 'Transfer to Site C', 'work_center': 'Site B Packaging'}, {'task': 'Items Collection for Kit', 'work_center': 'Integration'}, {'task': 'ESS Testing', 'work_center': 'Receiving Warehouse'}, {'task': 'Electrical Testing', 'work_center': 'Integration'}, {'task': 'Components Soldering Completion', 'work_center': 'Receiving Warehouse'}, {'task': 'Shortages Completion', 'work_center': 'Receiving Warehouse'}]}
2025-04-10 11:18:12,398 - mcp.server.lowlevel.server - INFO - Processing request of type CallToolRequest
2025-04-10 11:28:08,532 - mcp.server.lowlevel.server - INFO - Processing request of type CallToolRequest
2025-04-10 11:28:08,532 - mcp_vegalite_server - INFO - Handling tool execution request for save_data with args {'name': 'workstations_by_centers', 'data': [{'workstation': 'Work station', 'workcenter': 'Work center'}, {'workstation': 'תאור פעולה', 'workcenter': 'מרכז עבודה'}, {'workstation': 'תאור פעולה', 'workcenter': 'מרכז עבודה'}, {'workstation': 'Assembly SMT CS', 'workcenter': 'SMT Production'}, {'workstation': 'Transfer to Floor 2', 'workcenter': 'SMT Production'}, {'workstation': 'Packing for Shipmen', 'workcenter': 'TH Production'}, {'workstation': 'Assembly SMT CS', 'workcenter': 'SMT Production'}, {'workstation': 'Transfer to Floor 2', 'workcenter': 'SMT Production'}, {'workstation': 'Packing for Shipmen', 'workcenter': 'TH Production'}, {'workstation': 'Assembly SMT CS', 'workcenter': 'SMT Production'}, {'workstation': 'Transfer to Floor 2', 'workcenter': 'SMT Production'}, {'workstation': 'Packing for Shipmen', 'workcenter': 'TH Production'}, {'workstation': 'Assembly SMT PS', 'workcenter': 'SMT Production'}, {'workstation': 'Transfer to Floor 2', 'workcenter': 'SMT Production'}, {'workstation': 'Packing for Shipmen', 'workcenter': 'TH Production'}, {'workstation': 'Assembly SMT PS', 'workcenter': 'SMT Production'}, {'workstation': 'Transfer to Floor 2', 'workcenter': 'SMT Production'}, {'workstation': 'Packing for Shipmen', 'workcenter': 'TH Production'}, {'workstation': 'Assembly SMT PS', 'workcenter': 'SMT Production'}, {'workstation': 'Transfer to Floor 2', 'workcenter': 'SMT Production'}, {'workstation': 'Packing for Shipmen', 'workcenter': 'TH Production'}, {'workstation': 'Assembly SMT PS', 'workcenter': 'SMT Production'}, {'workstation': 'Transfer to Clean R', 'workcenter': 'SMT Production'}, {'workstation': 'Packing for Shipmen', 'workcenter': 'TH Production'}, {'workstation': 'Assembly SMT PS', 'workcenter': 'SMT Production'}, {'workstation': 'Transfer to Clean R', 'workcenter': 'SMT Production'}, {'workstation': 'Packing for Shipmen', 'workcenter': 'TH Production'}, {'workstation': 'Assembly SMT PS', 'workcenter': 'SMT Production'}, {'workstation': 'Transfer to Floor 2', 'workcenter': 'SMT Production'}, {'workstation': 'Packing for Shipmen', 'workcenter': 'TH Production'}, {'workstation': 'Assembly SMT PS', 'workcenter': 'SMT Production'}, {'workstation': 'Transfer to Floor 2', 'workcenter': 'SMT Production'}, {'workstation': 'Packing for Shipmen', 'workcenter': 'TH Production'}, {'workstation': 'הרכבת רכיבי SMT-CS', 'workcenter': 'SMT Production'}, {'workstation': 'העברת כרטיסים לקומת', 'workcenter': 'SMT Production'}, {'workstation': 'הלחמת רכיבי TH ידני', 'workcenter': 'TH Production'}, {'workstation': 'בדיקת Flying Probe', 'workcenter': 'מחלקת בדיקות סופיות'}, {'workstation': 'אריזה למשלוח', 'workcenter': 'TH Production'}, {'workstation': 'הרכבת רכיבי SMT-CS', 'workcenter': 'SMT Production'}, {'workstation': 'העברת כרטיסים לקומת', 'workcenter': 'SMT Production'}, {'workstation': 'הלחמת רכיבי TH ידני', 'workcenter': 'TH Production'}, {'workstation': 'בדיקת Flying Probe', 'workcenter': 'מחלקת בדיקות סופיות'}, {'workstation': 'אריזה למשלוח', 'workcenter': 'TH Production'}, {'workstation': 'חיתוך כרטיסים', 'workcenter': 'TH Production'}, {'workstation': 'חיתוך כרטיסים', 'workcenter': 'TH Production'}, {'workstation': 'הרכבת רכיבי SMT-CS', 'workcenter': 'SMT Production'}, {'workstation': 'העברת כרטיסים לקומת', 'workcenter': 'SMT Production'}, {'workstation': 'הלחמת רכיבי TH ידני', 'workcenter': 'TH Production'}, {'workstation': 'בדיקת Flying Probe', 'workcenter': 'מחלקת בדיקות סופיות'}, {'workstation': 'אריזה למשלוח', 'workcenter': 'TH Production'}]}
2025-04-10 11:28:24,019 - mcp.server.lowlevel.server - INFO - Processing request of type CallToolRequest
2025-04-10 11:28:24,019 - mcp_vegalite_server - INFO - Handling tool execution request for visualize_data with args {'data_name': 'workstations_by_centers', 'vegalite_specification': '{\n  "$schema": "https://vega.github.io/schema/vega-lite/v5.json",\n  "title": "Distribution of Work Stations by Work Centers",\n  "width": 600,\n  "height": 400,\n  "mark": "bar",\n  "encoding": {\n    "y": {\n      "field": "workcenter",\n      "type": "nominal",\n      "title": "Work Center",\n      "sort": "-x"\n    },\n    "x": {\n      "aggregate": "count",\n      "title": "Number of Work Stations"\n    },\n    "color": {\n      "field": "workcenter",\n      "type": "nominal",\n      "legend": null\n    },\n    "tooltip": [\n      {"field": "workcenter", "title": "Work Center"},\n      {"aggregate": "count", "title": "Count"}\n    ]\n  }\n}'}
2025-04-10 11:34:23,266 - mcp.server.lowlevel.server - INFO - Processing request of type CallToolRequest
2025-04-10 11:34:23,267 - mcp_vegalite_server - INFO - Handling tool execution request for save_data with args {'name': 'workstations_data', 'data': [{'workstation': 'Assembly SMT CS', 'work_center': 'SMT Production'}, {'workstation': 'Assembly SMT PS', 'work_center': 'SMT Production'}, {'workstation': 'QC SMT Inspection C', 'work_center': 'SMT Production'}, {'workstation': 'QC SMT Inspection P', 'work_center': 'SMT Production'}, {'workstation': 'Transfer to Integra', 'work_center': 'SMT Production'}, {'workstation': 'Assembly Mechanical', 'work_center': 'Medical Production'}, {'workstation': 'Assembly Cable', 'work_center': 'Medical Production'}, {'workstation': 'QC Inspection', 'work_center': 'Medical Production'}, {'workstation': 'QC Inspection Final', 'work_center': 'Medical Production'}, {'workstation': 'Reception Integrati', 'work_center': 'Medical Production'}, {'workstation': 'Solder Manual LF', 'work_center': 'Medical Production'}, {'workstation': 'Solder Cable LF', 'work_center': 'Medical Production'}, {'workstation': 'Test Functional', 'work_center': 'Medical Production'}, {'workstation': 'Test FP', 'work_center': 'Medical Production'}, {'workstation': 'SW Loading & BT tes', 'work_center': 'Medical Production'}, {'workstation': 'Test Hipot,Sfe Func', 'work_center': 'Medical Production'}, {'workstation': 'Test Hipot & Safety', 'work_center': 'Medical Production'}, {'workstation': 'Labeling Unit/GIO', 'work_center': 'Medical Production'}, {'workstation': 'Packing for Shipmen', 'work_center': 'Medical Production'}, {'workstation': 'Service Comp', 'work_center': 'Medical Production'}, {'workstation': 'Conformal Coating', 'work_center': 'Conformal Coating'}, {'workstation': 'הרכבת רכיבי SMT-CS', 'work_center': 'SMT Production'}, {'workstation': 'הרכבת רכיבי SMT-PS', 'work_center': 'SMT Production'}, {'workstation': 'העברת כרטיסים לקומת', 'work_center': 'SMT Production'}, {'workstation': 'הלחמת רכיבי TH ידני', 'work_center': 'TH Production'}, {'workstation': 'אריזה למשלוח', 'work_center': 'TH Production'}, {'workstation': 'הרכבה מכנית', 'work_center': 'TH Production'}, {'workstation': 'השלמת רכיבים בהלחמה', 'work_center': 'TH Production'}, {'workstation': 'שטיפה בדיגריזר', 'work_center': 'TH Production'}, {'workstation': "העברה לאתר ג'", 'work_center': 'TH Production'}, {'workstation': 'הרכבה סופית', 'work_center': 'TH Production'}, {'workstation': 'חיבור 2 סוגי הכרטיס', 'work_center': 'אינטגרציה'}, {'workstation': 'ביקורת סופית', 'work_center': 'אינטגרציה'}, {'workstation': 'הרכבה מכנית', 'work_center': 'אינטגרציה'}, {'workstation': 'אריזה למשלוח', 'work_center': 'אינטגרציה'}, {'workstation': 'השלמת רכיבים בהלחמה', 'work_center': 'אינטגרציה'}, {'workstation': 'צריבת רכיבים', 'work_center': 'אינטגרציה'}, {'workstation': 'אינטגרציה', 'work_center': 'אינטגרציה'}, {'workstation': 'בדיקה חשמלית GB2', 'work_center': 'אינטגרציה'}, {'workstation': 'בדיקה חשמלית', 'work_center': 'אינטגרציה'}, {'workstation': 'הרכבה סופית', 'work_center': 'אינטגרציה'}, {'workstation': 'אריזה למשלוח', 'work_center': 'מחסן קבלה'}, {'workstation': 'Service Comp', 'work_center': 'מחסן קבלה'}, {'workstation': 'השלמת רכיבים בהלחמה', 'work_center': 'מחסן קבלה'}, {'workstation': 'השלמת חוסרים', 'work_center': 'מחסן קבלה'}, {'workstation': 'בדיקת ESS', 'work_center': 'מחסן קבלה'}, {'workstation': 'גמר קיט', 'work_center': 'מחסן קבלה'}, {'workstation': 'איסוף פריטים לקיט', 'work_center': "אריזה אתר ב'"}, {'workstation': 'גמר קיט', 'work_center': "אריזה אתר ב'"}, {'workstation': "העברה לאתר ג'", 'work_center': "אריזה אתר ב'"}, {'workstation': 'אריזה למשלוח', 'work_center': 'מחלקת הרכבות צבאי'}, {'workstation': 'אריזה למשלוח', 'work_center': 'השלמות סופיות ואריזה'}, {'workstation': 'הלחמות ידניות', 'work_center': 'השלמות סופיות ואריזה'}, {'workstation': 'הרכבה סופית', 'work_center': 'השלמות סופיות ואריזה'}, {'workstation': 'איסןף פריטים לקיט', 'work_center': 'קיוט'}, {'workstation': 'Component Replating', 'work_center': ''}, {'workstation': 'ביצוע Replating', 'work_center': ''}, {'workstation': 'ביצוע Reballing', 'work_center': ''}, {'workstation': 'הכנה לפי מפרט', 'work_center': ''}]}
2025-04-10 11:34:30,365 - mcp.server.lowlevel.server - INFO - Processing request of type CallToolRequest
2025-04-10 11:34:30,366 - mcp_vegalite_server - INFO - Handling tool execution request for visualize_data with args {'data_name': 'workstations_data', 'vegalite_specification': '{\n  "width": 700,\n  "height": 500,\n  "title": {"text": "Workstations by Work Centers", "fontSize": 16},\n  "mark": {"type": "rect", "stroke": "white", "strokeWidth": 2},\n  "transform": [\n    {"filter": "datum.work_center != \'\'"}\n  ],\n  "encoding": {\n    "x": {"field": "work_center", "type": "nominal", "title": "Work Center"},\n    "y": {"field": "workstation", "type": "nominal", "title": "Workstation"},\n    "color": {\n      "field": "work_center", \n      "type": "nominal",\n      "scale": {"scheme": "category20"},\n      "legend": {"title": "Work Center"}\n    },\n    "tooltip": [\n      {"field": "workstation", "type": "nominal", "title": "Workstation"},\n      {"field": "work_center", "type": "nominal", "title": "Work Center"}\n    ]\n  }\n}'}
